<?xml version="1.0" encoding="UTF-8"?>
<!-- Generated by org.testng.reporters.JUnitReportReporter -->
<testsuite hostname="HYDHTC135998L" failures="0" tests="1" name="com.tests.TestCases" time="27.221" errors="0" timestamp="26 Jun 2019 04:55:34 GMT">
  <testcase classname="com.tests.TestCases" name="login_Test_Case_03" time="27.221"/>
</testsuite> <!-- com.tests.TestCases -->
