<?xml version="1.0" encoding="UTF-8"?>
<!-- Generated by org.testng.reporters.JUnitReportReporter -->
<testsuite hostname="HYDHTC135998L" failures="0" tests="1" name="com.tests.TestCases" time="42.414" errors="0" timestamp="26 Jun 2019 06:23:58 GMT">
  <testcase classname="com.tests.TestCases" name="login_Test_Case_03" time="42.414"/>
</testsuite> <!-- com.tests.TestCases -->
